2023-11-23 10:27:01.458  INFO 9480 --- [main] c.r.SpringBootRestApiStarterApplication  : Starting SpringBootRestApiStarterApplication using Java 17.0.8 on DESKTOP-COEABBO with PID 9480 (C:\Users\kumaran\Documents\Event_Registration\target\classes started by kumaran in C:\Users\kumaran\Documents\Event_Registration)
2023-11-23 10:27:01.472  INFO 9480 --- [main] c.r.SpringBootRestApiStarterApplication  : No active profile set, falling back to 1 default profile: "default"
2023-11-23 10:27:05.198  INFO 9480 --- [main] .s.d.r.c.RepositoryConfigurationDelegate : Bootstrapping Spring Data JPA repositories in DEFAULT mode.
2023-11-23 10:27:05.607  INFO 9480 --- [main] .s.d.r.c.RepositoryConfigurationDelegate : Finished Spring Data repository scanning in 344 ms. Found 5 JPA repository interfaces.
2023-11-23 10:27:07.793  INFO 9480 --- [main] o.s.b.w.embedded.tomcat.TomcatWebServer  : Tomcat initialized with port(s): 8080 (http)
2023-11-23 10:27:07.812  INFO 9480 --- [main] o.apache.catalina.core.StandardService   : Starting service [Tomcat]
2023-11-23 10:27:07.812  INFO 9480 --- [main] org.apache.catalina.core.StandardEngine  : Starting Servlet engine: [Apache Tomcat/9.0.82]
2023-11-23 10:27:08.293  INFO 9480 --- [main] o.a.c.c.C.[Tomcat].[localhost].[/]       : Initializing Spring embedded WebApplicationContext
2023-11-23 10:27:08.304  INFO 9480 --- [main] w.s.c.ServletWebServerApplicationContext : Root WebApplicationContext: initialization completed in 6687 ms
2023-11-23 10:27:09.481  INFO 9480 --- [main] o.hibernate.jpa.internal.util.LogHelper  : HHH000204: Processing PersistenceUnitInfo [name: default]
2023-11-23 10:27:09.657  INFO 9480 --- [main] org.hibernate.Version                    : HHH000412: Hibernate ORM core version 5.6.15.Final
2023-11-23 10:27:10.103  INFO 9480 --- [main] o.hibernate.annotations.common.Version   : HCANN000001: Hibernate Commons Annotations {5.1.2.Final}
2023-11-23 10:27:10.338  INFO 9480 --- [main] com.zaxxer.hikari.HikariDataSource       : HikariPool-1 - Starting...
2023-11-23 10:27:10.356  WARN 9480 --- [main] com.zaxxer.hikari.util.DriverDataSource  : Registered driver with driverClassName=com.mysql.jdbc.Driver was not found, trying direct instantiation.
2023-11-23 10:27:11.019  INFO 9480 --- [main] com.zaxxer.hikari.HikariDataSource       : HikariPool-1 - Start completed.
2023-11-23 10:27:11.055  INFO 9480 --- [main] org.hibernate.dialect.Dialect            : HHH000400: Using dialect: org.hibernate.dialect.MySQL8Dialect
2023-11-23 10:27:13.080  INFO 9480 --- [main] o.h.e.t.j.p.i.JtaPlatformInitiator       : HHH000490: Using JtaPlatform implementation: [org.hibernate.engine.transaction.jta.platform.internal.NoJtaPlatform]
2023-11-23 10:27:13.102  INFO 9480 --- [main] j.LocalContainerEntityManagerFactoryBean : Initialized JPA EntityManagerFactory for persistence unit 'default'
2023-11-23 10:27:13.188  WARN 9480 --- [main] JpaBaseConfiguration$JpaWebConfiguration : spring.jpa.open-in-view is enabled by default. Therefore, database queries may be performed during view rendering. Explicitly configure spring.jpa.open-in-view to disable this warning
2023-11-23 10:27:15.529 TRACE 9480 --- [main] eGlobalAuthenticationAutowiredConfigurer : Eagerly initializing {securityConfig=com.restapi.config.SecurityConfig$$EnhancerBySpringCGLIB$$25fcd9bb@10d97b64}
2023-11-23 10:27:15.761 DEBUG 9480 --- [main] edFilterInvocationSecurityMetadataSource : Adding web access control expression [permitAll] for Ant [pattern='/h2-console/**']
2023-11-23 10:27:15.809 DEBUG 9480 --- [main] edFilterInvocationSecurityMetadataSource : Adding web access control expression [permitAll] for Ant [pattern='/api/auth/**']
2023-11-23 10:27:15.815 DEBUG 9480 --- [main] edFilterInvocationSecurityMetadataSource : Adding web access control expression [permitAll] for Ant [pattern='/swagger-ui/**']
2023-11-23 10:27:15.818 DEBUG 9480 --- [main] edFilterInvocationSecurityMetadataSource : Adding web access control expression [permitAll] for Ant [pattern='/EventRegistration/API/User/Category/all']
2023-11-23 10:27:15.819 DEBUG 9480 --- [main] edFilterInvocationSecurityMetadataSource : Adding web access control expression [permitAll] for Ant [pattern='/EventRegistration/API/User/Event']
2023-11-23 10:27:15.820 DEBUG 9480 --- [main] edFilterInvocationSecurityMetadataSource : Adding web access control expression [authenticated] for any request
2023-11-23 10:27:15.833 TRACE 9480 --- [main] o.s.s.w.a.i.FilterSecurityInterceptor    : Validated configuration attributes
2023-11-23 10:27:15.835 TRACE 9480 --- [main] o.s.s.w.a.i.FilterSecurityInterceptor    : Validated configuration attributes
2023-11-23 10:27:15.939  INFO 9480 --- [main] o.s.s.web.DefaultSecurityFilterChain     : Will secure any request with [org.springframework.security.web.session.DisableEncodeUrlFilter@c0b10ae, org.springframework.security.web.context.request.async.WebAsyncManagerIntegrationFilter@3c3a767, org.springframework.security.web.context.SecurityContextPersistenceFilter@4468ced2, org.springframework.security.web.header.HeaderWriterFilter@6c9e7af2, org.springframework.web.filter.CorsFilter@698394bf, org.springframework.security.web.authentication.logout.LogoutFilter@628cb8e0, org.springframework.security.web.authentication.www.BasicAuthenticationFilter@3db3668, org.springframework.security.web.savedrequest.RequestCacheAwareFilter@4e3bc13b, org.springframework.security.web.servletapi.SecurityContextHolderAwareRequestFilter@2c989d82, org.springframework.security.web.authentication.AnonymousAuthenticationFilter@31887330, org.springframework.security.web.session.SessionManagementFilter@334ac669, org.springframework.security.web.access.ExceptionTranslationFilter@40304938, org.springframework.security.web.access.intercept.FilterSecurityInterceptor@26fc464f]
2023-11-23 10:27:16.450  INFO 9480 --- [main] o.s.b.w.embedded.tomcat.TomcatWebServer  : Tomcat started on port(s): 8080 (http) with context path ''
2023-11-23 10:27:17.193  INFO 9480 --- [main] c.r.SpringBootRestApiStarterApplication  : Started SpringBootRestApiStarterApplication in 16.913 seconds (JVM running for 18.905)
